
The following files have been resolved:
   org.glassfish.hk2:hk2-utils:jar:2.5.0-b32:compile
   org.glassfish.jersey.containers:jersey-container-servlet:jar:2.25.1:compile
   org.glassfish.jersey.bundles.repackaged:jersey-guava:jar:2.25.1:compile
   org.glassfish.hk2:hk2-api:jar:2.5.0-b32:compile
   org.glassfish.jersey.core:jersey-common:jar:2.25.1:compile
   org.glassfish.jersey.core:jersey-server:jar:2.25.1:compile
   org.javassist:javassist:jar:3.20.0-GA:compile
   org.glassfish.hk2:osgi-resource-locator:jar:1.0.1:compile
   org.glassfish.hk2:hk2-locator:jar:2.5.0-b32:compile
   javax.ws.rs:javax.ws.rs-api:jar:2.0.1:compile
   org.glassfish.jersey.containers:jersey-container-servlet-core:jar:2.25.1:compile
   org.glassfish.jersey.core:jersey-client:jar:2.25.1:compile
   org.glassfish:javax.json:jar:1.0.4:compile
   org.glassfish.jersey.media:jersey-media-jaxb:jar:2.25.1:compile
   javax.validation:validation-api:jar:1.1.0.Final:compile
   org.glassfish.hk2.external:aopalliance-repackaged:jar:2.5.0-b32:compile
   org.apache.tomcat:tomcat-dbcp:jar:8.0.33:compile
   org.glassfish.hk2.external:javax.inject:jar:2.5.0-b32:compile
   org.apache.tomcat:tomcat-juli:jar:8.0.33:compile
   javax.annotation:javax.annotation-api:jar:1.2:compile

